<?xml version="1.0" encoding="UTF-8"?>
<!-- Generated by org.testng.reporters.JUnitXMLReporter -->
<testsuite ignored="0" hostname="viveks-MacBook-Pro.local" failures="2" tests="2" name="Default test(failed)" time="2.266" errors="0" timestamp="2024-04-03T17:20:19 IST">
  <testcase classname="api.test.test2" name="postRequest" time="2.027">
    <failure type="java.lang.AssertionError" message="expected [403] but found [201]">
      <![CDATA[java.lang.AssertionError: expected [403] but found [201]
at api.test.test2.postRequest(test2.java:48)
at java.base/java.util.ArrayList.forEach(ArrayList.java:1511)
... Removed 32 stack frames]]>
    </failure>
  </testcase> <!-- postRequest -->
  <testcase classname="api.test.test2" name="getRequest" time="0.095">
    <failure type="java.lang.AssertionError" message="expected [403] but found [200]">
      <![CDATA[java.lang.AssertionError: expected [403] but found [200]
at api.test.test2.getRequest(test2.java:28)
at java.base/java.util.ArrayList.forEach(ArrayList.java:1511)
... Removed 32 stack frames]]>
    </failure>
  </testcase> <!-- getRequest -->
</testsuite> <!-- Default test(failed) -->
