<?xml version="1.0" encoding="UTF-8"?>
<!-- Generated by org.testng.reporters.JUnitXMLReporter -->
<testsuite ignored="0" hostname="viveks-MacBook-Pro.local" failures="1" tests="10" name="Params" time="5.159" errors="0" timestamp="2024-03-15T14:11:32 IST">
  <testcase classname="api.test.createTest" name="group" time="0.566"/>
  <testcase classname="api.test.createTest" name="datapro" time="0.5"/>
  <testcase classname="api.test.createTest" name="test_parameter" time="0.675"/>
  <testcase classname="api.test.createTest" name="test_parameter" time="0.675"/>
  <testcase classname="api.test.createTest" name="test_parameter" time="0.675"/>
  <testcase classname="api.test.createTest" name="test_parameter" time="0.676"/>
  <testcase classname="api.test.createTest" name="datapro" time="0.024"/>
  <testcase classname="api.test.createTest" name="datapro" time="1.022">
    <failure type="org.testng.internal.reflect.MethodMatcherException" message="
[public void api.test.createTest.datapro(java.lang.String)] has no parameters defined but was found to be using a data provider (either explicitly specified or inherited from class level annotation).
Data provider mismatch
Method: datapro([Parameter{index=0, type=java.lang.String, declaredAnnotations=[]}])
Arguments: [(java.lang.Integer) 10]">
      <![CDATA[org.testng.internal.reflect.MethodMatcherException: 
[public void api.test.createTest.datapro(java.lang.String)] has no parameters defined but was found to be using a data provider (either explicitly specified or inherited from class level annotation).
Data provider mismatch
Method: datapro([Parameter{index=0, type=java.lang.String, declaredAnnotations=[]}])
Arguments: [(java.lang.Integer) 10]
at java.base/java.util.concurrent.ThreadPoolExecutor.runWorker(ThreadPoolExecutor.java:1136)
at java.base/java.util.concurrent.ThreadPoolExecutor$Worker.run(ThreadPoolExecutor.java:635)
at java.base/java.lang.Thread.run(Thread.java:840)
... Removed 7 stack frames]]>
    </failure>
  </testcase> <!-- datapro -->
  <testcase classname="api.test.createTest" name="test" time="4.1"/>
  <testcase classname="api.test.createTest" name="header" time="4.942"/>
</testsuite> <!-- Params -->
