<?xml version="1.0" encoding="UTF-8"?>
<!-- Generated by org.testng.reporters.JUnitXMLReporter -->
<testsuite ignored="2" hostname="viveks-MacBook-Pro.local" failures="1" tests="2" name="Test" time="1.405" errors="0" timestamp="2024-03-15T13:35:10 IST">
  <testcase classname="api.test.createTest" name="group" time="0.1"/>
  <testcase classname="api.test.createTest" name="test" time="1.165">
    <failure type="java.lang.IllegalArgumentException" message="object cannot be null">
      <![CDATA[java.lang.IllegalArgumentException: object cannot be null
at org.codehaus.groovy.runtime.callsite.ConstructorSite$ConstructorSiteNoUnwrap.callConstructor(ConstructorSite.java:86)
at org.codehaus.groovy.runtime.callsite.CallSiteArray.defaultCallConstructor(CallSiteArray.java:58)
at org.codehaus.groovy.runtime.callsite.AbstractCallSite.callConstructor(AbstractCallSite.java:263)
at org.codehaus.groovy.runtime.callsite.AbstractCallSite.callConstructor(AbstractCallSite.java:277)
at io.restassured.internal.common.assertion.AssertParameter.notNull(AssertParameter.groovy:26)
at io.restassured.internal.common.assertion.AssertParameter$notNull.callStatic(Unknown Source)
at org.codehaus.groovy.runtime.callsite.CallSiteArray.defaultCallStatic(CallSiteArray.java:54)
at org.codehaus.groovy.runtime.callsite.AbstractCallSite.callStatic(AbstractCallSite.java:217)
at org.codehaus.groovy.runtime.callsite.AbstractCallSite.callStatic(AbstractCallSite.java:240)
at io.restassured.internal.RequestSpecificationImpl.body(RequestSpecificationImpl.groovy:751)
at api.endpoints.params_endpoints.createAPI(params_endpoints.java:18)
at api.test.createTest.test(createTest.java:63)
at java.base/java.util.ArrayList.forEach(ArrayList.java:1511)
... Removed 34 stack frames]]>
    </failure>
  </testcase> <!-- test -->
  <testcase classname="api.test.createTest" name="datapro" time="0.0">
    <ignored/>
  </testcase> <!-- datapro -->
  <testcase classname="api.test.createTest" name="header" time="0.0">
    <ignored/>
  </testcase> <!-- header -->
</testsuite> <!-- Test -->
