<?xml version="1.0" encoding="UTF-8"?>
<testng-results ignored="0" total="1" passed="1" failed="0" skipped="0">
  <reporter-output>
  </reporter-output>
  <suite started-at="2023-12-07T17:58:37 IST" name="Default suite" finished-at="2023-12-07T17:58:41 IST" duration-ms="3824">
    <groups>
    </groups>
    <test started-at="2023-12-07T17:58:37 IST" name="Default test" finished-at="2023-12-07T17:58:41 IST" duration-ms="3824">
      <class name="api.test.createTest">
        <test-method is-config="true" signature="setupdata()[pri:0, instance:api.test.createTest@34f6515b]" started-at="2023-12-07T17:58:37 IST" name="setupdata" finished-at="2023-12-07T17:58:37 IST" duration-ms="148" status="PASS">
          <reporter-output>
          </reporter-output>
        </test-method> <!-- setupdata -->
        <test-method signature="test()[pri:0, instance:api.test.createTest@34f6515b]" started-at="2023-12-07T17:58:37 IST" name="test" finished-at="2023-12-07T17:58:41 IST" duration-ms="3599" status="PASS">
          <reporter-output>
          </reporter-output>
        </test-method> <!-- test -->
        <test-method is-config="true" signature="tearDown()[pri:0, instance:api.test.createTest@34f6515b]" started-at="2023-12-07T17:58:41 IST" name="tearDown" finished-at="2023-12-07T17:58:41 IST" duration-ms="491" status="PASS">
          <reporter-output>
          </reporter-output>
        </test-method> <!-- tearDown -->
      </class> <!-- api.test.createTest -->
    </test> <!-- Default test -->
  </suite> <!-- Default suite -->
</testng-results>
