<?xml version="1.0" encoding="UTF-8"?>
<testng-results ignored="0" total="6" passed="5" failed="1" skipped="0">
  <reporter-output>
  </reporter-output>
  <suite started-at="2024-03-07T14:47:28 IST" name="Default suite" finished-at="2024-03-07T14:47:34 IST" duration-ms="5892">
    <groups>
      <group name="test">
        <method signature="createTest.group()[pri:0, instance:api.test.createTest@57c03d88]" name="group" class="api.test.createTest"/>
      </group> <!-- test -->
      <group name="tearDown">
        <method signature="createTest.group()[pri:0, instance:api.test.createTest@57c03d88]" name="group" class="api.test.createTest"/>
      </group> <!-- tearDown -->
    </groups>
    <test started-at="2024-03-07T14:47:28 IST" name="Default test" finished-at="2024-03-07T14:47:34 IST" duration-ms="5892">
      <class name="api.test.createTest">
        <test-method is-config="true" signature="setupdata()[pri:0, instance:api.test.createTest@57c03d88]" started-at="2024-03-07T14:47:28 IST" name="setupdata" finished-at="2024-03-07T14:47:29 IST" duration-ms="142" status="PASS">
          <reporter-output>
          </reporter-output>
        </test-method> <!-- setupdata -->
        <test-method signature="datapro(java.lang.String)[pri:0, instance:api.test.createTest@57c03d88]" started-at="2024-03-07T14:47:29 IST" name="datapro" data-provider="test-data" finished-at="2024-03-07T14:47:29 IST" duration-ms="388" status="FAIL">
          <exception class="org.testng.internal.reflect.MethodMatcherException">
            <message>
              <![CDATA[
[public void api.test.createTest.datapro(java.lang.String)] has no parameters defined but was found to be using a data provider (either explicitly specified or inherited from class level annotation).
Data provider mismatch
Method: datapro([Parameter{index=0, type=java.lang.String, declaredAnnotations=[]}])
Arguments: [(java.lang.Integer) 10]]]>
            </message>
            <full-stacktrace>
              <![CDATA[org.testng.internal.reflect.MethodMatcherException: 
[public void api.test.createTest.datapro(java.lang.String)] has no parameters defined but was found to be using a data provider (either explicitly specified or inherited from class level annotation).
Data provider mismatch
Method: datapro([Parameter{index=0, type=java.lang.String, declaredAnnotations=[]}])
Arguments: [(java.lang.Integer) 10]
at org.testng.internal.reflect.DataProviderMethodMatcher.getConformingArguments(DataProviderMethodMatcher.java:43)
at org.testng.internal.Parameters.injectParameters(Parameters.java:909)
at org.testng.internal.MethodRunner.runInSequence(MethodRunner.java:34)
at org.testng.internal.TestInvoker$MethodInvocationAgent.invoke(TestInvoker.java:816)
at org.testng.internal.TestInvoker.invokeTestMethods(TestInvoker.java:146)
at org.testng.internal.TestMethodWorker.invokeTestMethods(TestMethodWorker.java:146)
at org.testng.internal.TestMethodWorker.run(TestMethodWorker.java:128)
at java.base/java.util.ArrayList.forEach(ArrayList.java:1511)
at org.testng.TestRunner.privateRun(TestRunner.java:766)
at org.testng.TestRunner.run(TestRunner.java:587)
at org.testng.SuiteRunner.runTest(SuiteRunner.java:384)
at org.testng.SuiteRunner.runSequentially(SuiteRunner.java:378)
at org.testng.SuiteRunner.privateRun(SuiteRunner.java:337)
at org.testng.SuiteRunner.run(SuiteRunner.java:286)
at org.testng.SuiteRunnerWorker.runSuite(SuiteRunnerWorker.java:53)
at org.testng.SuiteRunnerWorker.run(SuiteRunnerWorker.java:96)
at org.testng.TestNG.runSuitesSequentially(TestNG.java:1187)
at org.testng.TestNG.runSuitesLocally(TestNG.java:1109)
at org.testng.TestNG.runSuites(TestNG.java:1039)
at org.testng.TestNG.run(TestNG.java:1007)
at org.testng.remote.AbstractRemoteTestNG.run(AbstractRemoteTestNG.java:115)
at org.testng.remote.RemoteTestNG.initAndRun(RemoteTestNG.java:251)
at org.testng.remote.RemoteTestNG.main(RemoteTestNG.java:77)
]]>
            </full-stacktrace>
          </exception> <!-- org.testng.internal.reflect.MethodMatcherException -->
          <reporter-output>
          </reporter-output>
        </test-method> <!-- datapro -->
        <test-method signature="datapro(java.lang.String)[pri:0, instance:api.test.createTest@57c03d88]" started-at="2024-03-07T14:47:29 IST" name="datapro" data-provider="test-data" finished-at="2024-03-07T14:47:29 IST" duration-ms="268" status="PASS">
          <params>
            <param index="0">
              <value>
                <![CDATA[test1]]>
              </value>
            </param>
          </params>
          <reporter-output>
          </reporter-output>
        </test-method> <!-- datapro -->
        <test-method signature="datapro(java.lang.String)[pri:0, instance:api.test.createTest@57c03d88]" started-at="2024-03-07T14:47:29 IST" name="datapro" data-provider="test-data" finished-at="2024-03-07T14:47:29 IST" duration-ms="6" status="PASS">
          <params>
            <param index="0">
              <value>
                <![CDATA[test2]]>
              </value>
            </param>
          </params>
          <reporter-output>
          </reporter-output>
        </test-method> <!-- datapro -->
        <test-method signature="group()[pri:0, instance:api.test.createTest@57c03d88]" started-at="2024-03-07T14:47:29 IST" name="group" finished-at="2024-03-07T14:47:29 IST" duration-ms="12" status="PASS">
          <reporter-output>
          </reporter-output>
        </test-method> <!-- group -->
        <test-method signature="header()[pri:0, instance:api.test.createTest@57c03d88]" started-at="2024-03-07T14:47:29 IST" name="header" finished-at="2024-03-07T14:47:33 IST" duration-ms="3696" status="PASS">
          <reporter-output>
          </reporter-output>
        </test-method> <!-- header -->
        <test-method signature="test()[pri:0, instance:api.test.createTest@57c03d88]" started-at="2024-03-07T14:47:33 IST" name="test" finished-at="2024-03-07T14:47:34 IST" duration-ms="1589" status="PASS">
          <reporter-output>
          </reporter-output>
        </test-method> <!-- test -->
        <test-method is-config="true" signature="tearDown()[pri:0, instance:api.test.createTest@57c03d88]" started-at="2024-03-07T14:47:34 IST" name="tearDown" finished-at="2024-03-07T14:47:35 IST" duration-ms="329" status="PASS">
          <reporter-output>
          </reporter-output>
        </test-method> <!-- tearDown -->
      </class> <!-- api.test.createTest -->
    </test> <!-- Default test -->
  </suite> <!-- Default suite -->
</testng-results>
